{"/home/rlllok/Documents/django_vue/blog_frontend/file.js": {"path":"/home/rlllok/Documents/django_vue/blog_frontend/file.js","statementMap":{"0":{"start":{"line":3,"column":32},"end":{"line":3,"column":88}},"1":{"start":{"line":4,"column":32},"end":{"line":4,"column":99}},"2":{"start":{"line":7,"column":2},"end":{"line":10,"column":31}}},"fnMap":{"0":{"name":"render","decl":{"start":{"line":6,"column":16},"end":{"line":6,"column":22}},"loc":{"start":{"line":6,"column":37},"end":{"line":11,"column":1}},"line":6}},"branchMap":{},"s":{"0":1,"1":1,"2":2},"f":{"0":2},"b":{},"_coverageSchema":"1a1c01bbd47fc00a2c39e90264f33305004495a9","hash":"a92ca2e9d955af2c6edadabe5306952096ee966f"}
}
