{"total": {"lines":{"total":73,"covered":38,"skipped":0,"pct":52.05},"statements":{"total":76,"covered":41,"skipped":0,"pct":53.94},"functions":{"total":52,"covered":29,"skipped":0,"pct":55.76},"branches":{"total":2,"covered":1,"skipped":0,"pct":50},"branchesTrue":{"total":0,"covered":0,"skipped":0,"pct":100}}
,"/home/rlllok/Documents/django_vue/blog_frontend/src/App.vue": {"lines":{"total":5,"covered":5,"skipped":0,"pct":100},"functions":{"total":5,"covered":5,"skipped":0,"pct":100},"statements":{"total":5,"covered":5,"skipped":0,"pct":100},"branches":{"total":0,"covered":0,"skipped":0,"pct":100}}
,"/home/rlllok/Documents/django_vue/blog_frontend/src/backend_api.js": {"lines":{"total":1,"covered":1,"skipped":0,"pct":100},"functions":{"total":0,"covered":0,"skipped":0,"pct":100},"statements":{"total":1,"covered":1,"skipped":0,"pct":100},"branches":{"total":0,"covered":0,"skipped":0,"pct":100}}
,"/home/rlllok/Documents/django_vue/blog_frontend/src/main.js": {"lines":{"total":5,"covered":5,"skipped":0,"pct":100},"functions":{"total":0,"covered":0,"skipped":0,"pct":100},"statements":{"total":5,"covered":5,"skipped":0,"pct":100},"branches":{"total":0,"covered":0,"skipped":0,"pct":100}}
,"/home/rlllok/Documents/django_vue/blog_frontend/src/store.js": {"lines":{"total":14,"covered":3,"skipped":0,"pct":21.42},"functions":{"total":8,"covered":2,"skipped":0,"pct":25},"statements":{"total":14,"covered":3,"skipped":0,"pct":21.42},"branches":{"total":2,"covered":1,"skipped":0,"pct":50}}
,"/home/rlllok/Documents/django_vue/blog_frontend/src/router/index.js": {"lines":{"total":2,"covered":2,"skipped":0,"pct":100},"functions":{"total":0,"covered":0,"skipped":0,"pct":100},"statements":{"total":2,"covered":2,"skipped":0,"pct":100},"branches":{"total":0,"covered":0,"skipped":0,"pct":100}}
,"/home/rlllok/Documents/django_vue/blog_frontend/src/views/CreatePostView.vue": {"lines":{"total":5,"covered":1,"skipped":0,"pct":20},"functions":{"total":4,"covered":1,"skipped":0,"pct":25},"statements":{"total":5,"covered":1,"skipped":0,"pct":20},"branches":{"total":0,"covered":0,"skipped":0,"pct":100}}
,"/home/rlllok/Documents/django_vue/blog_frontend/src/views/HomeView.vue": {"lines":{"total":4,"covered":3,"skipped":0,"pct":75},"functions":{"total":5,"covered":4,"skipped":0,"pct":80},"statements":{"total":5,"covered":4,"skipped":0,"pct":80},"branches":{"total":0,"covered":0,"skipped":0,"pct":100}}
,"/home/rlllok/Documents/django_vue/blog_frontend/src/views/LoginView.vue": {"lines":{"total":5,"covered":1,"skipped":0,"pct":20},"functions":{"total":4,"covered":1,"skipped":0,"pct":25},"statements":{"total":5,"covered":1,"skipped":0,"pct":20},"branches":{"total":0,"covered":0,"skipped":0,"pct":100}}
,"/home/rlllok/Documents/django_vue/blog_frontend/src/views/LogoutView.vue": {"lines":{"total":2,"covered":2,"skipped":0,"pct":100},"functions":{"total":3,"covered":3,"skipped":0,"pct":100},"statements":{"total":2,"covered":2,"skipped":0,"pct":100},"branches":{"total":0,"covered":0,"skipped":0,"pct":100}}
,"/home/rlllok/Documents/django_vue/blog_frontend/src/views/NotFoundView.vue": {"lines":{"total":2,"covered":2,"skipped":0,"pct":100},"functions":{"total":0,"covered":0,"skipped":0,"pct":100},"statements":{"total":2,"covered":2,"skipped":0,"pct":100},"branches":{"total":0,"covered":0,"skipped":0,"pct":100}}
,"/home/rlllok/Documents/django_vue/blog_frontend/src/views/PostDetailsView.vue": {"lines":{"total":19,"covered":5,"skipped":0,"pct":26.31},"functions":{"total":15,"covered":6,"skipped":0,"pct":40},"statements":{"total":21,"covered":7,"skipped":0,"pct":33.33},"branches":{"total":0,"covered":0,"skipped":0,"pct":100}}
,"/home/rlllok/Documents/django_vue/blog_frontend/src/views/ProfileView.vue": {"lines":{"total":4,"covered":4,"skipped":0,"pct":100},"functions":{"total":4,"covered":4,"skipped":0,"pct":100},"statements":{"total":4,"covered":4,"skipped":0,"pct":100},"branches":{"total":0,"covered":0,"skipped":0,"pct":100}}
,"/home/rlllok/Documents/django_vue/blog_frontend/src/views/RegistrationView.vue": {"lines":{"total":5,"covered":4,"skipped":0,"pct":80},"functions":{"total":4,"covered":3,"skipped":0,"pct":75},"statements":{"total":5,"covered":4,"skipped":0,"pct":80},"branches":{"total":0,"covered":0,"skipped":0,"pct":100}}
}
